<?xml version="1.0" encoding="UTF-8"?>
<!-- Generated by org.testng.reporters.JUnitReportReporter -->
<testsuite hostname="DESKTOP-B4CSBRG" failures="0" tests="1" name="crudOperationForReqresAPI.GetSingleProject" time="6.045" errors="0" timestamp="2022-09-05T11:33:15 IST" skipped="0">
  <testcase classname="crudOperationForReqresAPI.GetSingleProject" name="readSingleProject" time="6.045"/>
  <system-out/>
</testsuite> <!-- crudOperationForReqresAPI.GetSingleProject -->
