<?xml version="1.0" encoding="UTF-8"?>
<!-- Generated by org.testng.reporters.JUnitReportReporter -->
<testsuite hostname="DESKTOP-B4CSBRG" failures="0" tests="1" name="crudOperationWithoutBDD.AddProjectTest" time="6.567" errors="0" timestamp="2022-09-01T17:17:46 IST" skipped="0">
  <testcase classname="crudOperationWithoutBDD.AddProjectTest" name="create" time="6.567"/>
  <system-out/>
</testsuite> <!-- crudOperationWithoutBDD.AddProjectTest -->
