<?xml version="1.0" encoding="UTF-8"?>
<!-- Generated by org.testng.reporters.JUnitReportReporter -->
<testsuite hostname="DESKTOP-B4CSBRG" failures="0" tests="1" name="crudOperationsWithBDD.GetProject" time="4.576" errors="0" timestamp="2022-09-02T16:01:43 IST" skipped="0">
  <testcase classname="crudOperationsWithBDD.GetProject" name="readProject" time="4.576"/>
  <system-out/>
</testsuite> <!-- crudOperationsWithBDD.GetProject -->
