<?xml version="1.0" encoding="UTF-8"?>
<!-- Generated by org.testng.reporters.JUnitReportReporter -->
<testsuite hostname="DESKTOP-B4CSBRG" failures="0" tests="1" name="crudOperationWithoutBDD.GetProject" time="4.727" errors="0" timestamp="2022-09-01T17:36:18 IST" skipped="0">
  <testcase classname="crudOperationWithoutBDD.GetProject" name="getSingleProject" time="4.727"/>
  <system-out/>
</testsuite> <!-- crudOperationWithoutBDD.GetProject -->
