<?xml version="1.0" encoding="UTF-8"?>
<!-- Generated by org.testng.reporters.JUnitReportReporter -->
<testsuite hostname="DESKTOP-B4CSBRG" failures="0" tests="1" name="crudOperationWithoutBDD.GetAllTheProjects" time="4.963" errors="0" timestamp="2022-09-05T13:11:27 IST" skipped="0">
  <testcase classname="crudOperationWithoutBDD.GetAllTheProjects" name="readAllTheProjects" time="4.963"/>
  <system-out/>
</testsuite> <!-- crudOperationWithoutBDD.GetAllTheProjects -->
