<?xml version="1.0" encoding="UTF-8"?>
<!-- Generated by org.testng.reporters.JUnitReportReporter -->
<testsuite hostname="DESKTOP-B4CSBRG" failures="0" tests="1" name="validation.StaticResponseValidationTest" time="5.997" errors="0" timestamp="2022-09-05T13:12:25 IST" skipped="0">
  <testcase classname="validation.StaticResponseValidationTest" name="StaticResponseValidationTest" time="5.997"/>
  <system-out/>
</testsuite> <!-- validation.StaticResponseValidationTest -->
