<?xml version="1.0" encoding="UTF-8"?>
<!-- Generated by org.testng.reporters.JUnitReportReporter -->
<testsuite hostname="DESKTOP-B4CSBRG" failures="0" tests="1" name="crudOperationForReqresAPI.AddProjectTest" time="7.203" errors="0" timestamp="2022-09-05T11:39:46 IST" skipped="0">
  <testcase classname="crudOperationForReqresAPI.AddProjectTest" name="createProject" time="7.203"/>
  <system-out/>
</testsuite> <!-- crudOperationForReqresAPI.AddProjectTest -->
