<?xml version="1.0" encoding="UTF-8"?>
<!-- Generated by org.testng.reporters.JUnitReportReporter -->
<testsuite hostname="DESKTOP-B4CSBRG" failures="0" tests="1" name="crudOperationForReqresAPI.UpdateProject" time="7.859" errors="0" timestamp="2022-09-05T12:43:05 IST" skipped="0">
  <testcase classname="crudOperationForReqresAPI.UpdateProject" name="UpdatingProject" time="7.859"/>
  <system-out/>
</testsuite> <!-- crudOperationForReqresAPI.UpdateProject -->
