<?xml version="1.0" encoding="UTF-8"?>
<!-- Generated by org.testng.reporters.JUnitReportReporter -->
<testsuite hostname="DESKTOP-B4CSBRG" failures="0" tests="1" name="validation.ResponseTimeValidationUsingHamcrestTest" time="4.713" errors="0" timestamp="2022-09-05T15:27:00 IST" skipped="0">
  <testcase classname="validation.ResponseTimeValidationUsingHamcrestTest" name="HamcrestValidationTest" time="4.713"/>
  <system-out/>
</testsuite> <!-- validation.ResponseTimeValidationUsingHamcrestTest -->
