<?xml version="1.0" encoding="UTF-8"?>
<!-- Generated by org.testng.reporters.JUnitReportReporter -->
<testsuite hostname="DESKTOP-B4CSBRG" failures="0" tests="1" name="validation.HamcrestValidation" time="3.641" errors="0" timestamp="2022-09-05T15:55:46 IST" skipped="0">
  <testcase classname="validation.HamcrestValidation" name="HamcrestValidation" time="3.641"/>
  <system-out/>
</testsuite> <!-- validation.HamcrestValidation -->
