<?xml version="1.0" encoding="UTF-8"?>
<!-- Generated by org.testng.reporters.JUnitReportReporter -->
<testsuite hostname="DESKTOP-B4CSBRG" failures="0" tests="1" name="differentWaysToPost.AddProjectWithHashMapTest" time="5.777" errors="0" timestamp="2022-09-03T10:46:59 IST" skipped="0">
  <testcase classname="differentWaysToPost.AddProjectWithHashMapTest" name="addProject" time="5.777"/>
  <system-out/>
</testsuite> <!-- differentWaysToPost.AddProjectWithHashMapTest -->
