<?xml version="1.0" encoding="UTF-8"?>
<!-- Generated by org.testng.reporters.JUnitReportReporter -->
<testsuite hostname="DESKTOP-B4CSBRG" failures="0" tests="1" name="crudOperationWithoutBDD.DeleteProject" time="4.283" errors="0" timestamp="2022-09-01T18:00:41 IST" skipped="0">
  <testcase classname="crudOperationWithoutBDD.DeleteProject" name="deleteTheProject" time="4.283"/>
  <system-out/>
</testsuite> <!-- crudOperationWithoutBDD.DeleteProject -->
