<?xml version="1.0" encoding="UTF-8"?>
<!-- Generated by org.testng.reporters.JUnitReportReporter -->
<testsuite hostname="DESKTOP-B4CSBRG" failures="0" tests="1" name="differentWaysToPost.GetProjectWithPojoClassTest" time="5.298" errors="0" timestamp="2022-09-02T17:23:31 IST" skipped="0">
  <testcase classname="differentWaysToPost.GetProjectWithPojoClassTest" name="getProject" time="5.298"/>
  <system-out/>
</testsuite> <!-- differentWaysToPost.GetProjectWithPojoClassTest -->
