<?xml version="1.0" encoding="UTF-8"?>
<!-- Generated by org.testng.reporters.JUnitReportReporter -->
<testsuite hostname="DESKTOP-B4CSBRG" failures="0" tests="1" name="requestChaining.RequestChainingUsingPostAndUpdateTest" time="7.370" errors="0" timestamp="2022-09-05T18:26:41 IST" skipped="0">
  <testcase classname="requestChaining.RequestChainingUsingPostAndUpdateTest" name="RequestChainingUsingPostAndUpdateTest" time="7.370"/>
  <system-out/>
</testsuite> <!-- requestChaining.RequestChainingUsingPostAndUpdateTest -->
