<?xml version="1.0" encoding="UTF-8"?>
<!-- Generated by org.testng.reporters.JUnitReportReporter -->
<testsuite hostname="DESKTOP-B4CSBRG" failures="0" tests="1" name="crudOperationsWithBDD.UpdateProject" time="4.818" errors="0" timestamp="2022-09-02T15:56:12 IST" skipped="0">
  <testcase classname="crudOperationsWithBDD.UpdateProject" name="updateProject" time="4.818"/>
  <system-out/>
</testsuite> <!-- crudOperationsWithBDD.UpdateProject -->
