<?xml version="1.0" encoding="UTF-8"?>
<!-- Generated by org.testng.reporters.JUnitReportReporter -->
<testsuite hostname="DESKTOP-B4CSBRG" failures="0" tests="1" name="differentWaysToPost.PostRequestUsingJsonObject" time="5.799" errors="0" timestamp="2022-09-02T17:33:32 IST" skipped="0">
  <testcase classname="differentWaysToPost.PostRequestUsingJsonObject" name="createProject" time="5.799"/>
  <system-out/>
</testsuite> <!-- differentWaysToPost.PostRequestUsingJsonObject -->
