<?xml version="1.0" encoding="UTF-8"?>
<!-- Generated by org.testng.reporters.JUnitReportReporter -->
<testsuite hostname="DESKTOP-B4CSBRG" failures="0" tests="1" name="crudOperationForReqresAPI.AddProject" time="9.432" errors="0" timestamp="2022-09-05T11:11:48 IST" skipped="0">
  <testcase classname="crudOperationForReqresAPI.AddProject" name="createProject" time="9.432"/>
  <system-out/>
</testsuite> <!-- crudOperationForReqresAPI.AddProject -->
