<?xml version="1.0" encoding="UTF-8"?>
<!-- Generated by org.testng.reporters.JUnitReportReporter -->
<testsuite hostname="DESKTOP-B4CSBRG" failures="0" tests="1" name="crudOperationsWithBDD.AddProject" time="6.691" errors="0" timestamp="2022-09-02T14:43:56 IST" skipped="0">
  <testcase classname="crudOperationsWithBDD.AddProject" name="addProject" time="6.691"/>
  <system-out/>
</testsuite> <!-- crudOperationsWithBDD.AddProject -->
