<?xml version="1.0" encoding="UTF-8"?>
<!-- Generated by org.testng.reporters.JUnitReportReporter -->
<testsuite hostname="DESKTOP-B4CSBRG" failures="0" tests="1" name="crudOperationForReqresAPI.GetProjectsTest" time="3.773" errors="0" timestamp="2022-09-05T12:30:54 IST" skipped="0">
  <testcase classname="crudOperationForReqresAPI.GetProjectsTest" name="readProjects" time="3.773"/>
  <system-out/>
</testsuite> <!-- crudOperationForReqresAPI.GetProjectsTest -->
