<?xml version="1.0" encoding="UTF-8"?>
<!-- Generated by org.testng.reporters.JUnitReportReporter -->
<testsuite hostname="DESKTOP-B4CSBRG" failures="0" tests="1" name="crudOperationWithoutBDD.UpdateProject" time="5.822" errors="0" timestamp="2022-09-01T17:44:46 IST" skipped="0">
  <testcase classname="crudOperationWithoutBDD.UpdateProject" name="updateTheProject" time="5.822"/>
  <system-out/>
</testsuite> <!-- crudOperationWithoutBDD.UpdateProject -->
