<?xml version="1.0" encoding="UTF-8"?>
<!-- Generated by org.testng.reporters.JUnitReportReporter -->
<testsuite hostname="DESKTOP-B4CSBRG" failures="0" tests="1" name="differentWaysToPost.AddProjectWithPojoClassTest" time="6.963" errors="0" timestamp="2022-09-02T17:12:45 IST" skipped="0">
  <testcase classname="differentWaysToPost.AddProjectWithPojoClassTest" name="addProject" time="6.963"/>
  <system-out/>
</testsuite> <!-- differentWaysToPost.AddProjectWithPojoClassTest -->
