<?xml version="1.0" encoding="UTF-8"?>
<!-- Generated by org.testng.reporters.JUnitReportReporter -->
<testsuite hostname="DESKTOP-B4CSBRG" failures="0" tests="1" name="crudOperationsWithBDD.GetAllProjects" time="4.425" errors="0" timestamp="2022-09-02T15:54:16 IST" skipped="0">
  <testcase classname="crudOperationsWithBDD.GetAllProjects" name="readAllProjects" time="4.425"/>
  <system-out/>
</testsuite> <!-- crudOperationsWithBDD.GetAllProjects -->
