<?xml version="1.0" encoding="UTF-8"?>
<!-- Generated by org.testng.reporters.JUnitReportReporter -->
<testsuite hostname="DESKTOP-B4CSBRG" failures="0" tests="1" name="validation.DynamicResponseValidationTest" time="6.324" errors="0" timestamp="2022-09-05T13:25:24 IST" skipped="0">
  <testcase classname="validation.DynamicResponseValidationTest" name="DynamicResponseValidationTest" time="6.324"/>
  <system-out/>
</testsuite> <!-- validation.DynamicResponseValidationTest -->
