<?xml version="1.0" encoding="UTF-8"?>
<!-- Generated by org.testng.reporters.JUnitReportReporter -->
<testsuite hostname="DESKTOP-B4CSBRG" failures="0" tests="1" name="requestChaining.RequestChainingUsingGetAndDeleteTest" time="6.770" errors="0" timestamp="2022-09-05T17:48:02 IST" skipped="0">
  <testcase classname="requestChaining.RequestChainingUsingGetAndDeleteTest" name="RequestChainingUsingGetAndDeleteTest" time="6.770"/>
  <system-out/>
</testsuite> <!-- requestChaining.RequestChainingUsingGetAndDeleteTest -->
