<?xml version="1.0" encoding="UTF-8"?>
<!-- Generated by org.testng.reporters.JUnitReportReporter -->
<testsuite hostname="DESKTOP-B4CSBRG" failures="0" tests="1" name="requestChaining.RequestChainingUsingPostAndDeleteTest" time="9.421" errors="0" timestamp="2022-09-05T17:16:00 IST" skipped="0">
  <testcase classname="requestChaining.RequestChainingUsingPostAndDeleteTest" name="RequestChainingUsingPostAndDeleteTest" time="9.421"/>
  <system-out/>
</testsuite> <!-- requestChaining.RequestChainingUsingPostAndDeleteTest -->
