<?xml version="1.0" encoding="UTF-8"?>
<!-- Generated by org.testng.reporters.JUnitReportReporter -->
<testsuite hostname="DESKTOP-B4CSBRG" failures="0" tests="1" name="crudOperationForReqresAPI.DeleteProjectTest" time="5.953" errors="0" timestamp="2022-09-05T12:47:30 IST" skipped="0">
  <testcase classname="crudOperationForReqresAPI.DeleteProjectTest" name="DeleteProject" time="5.953"/>
  <system-out/>
</testsuite> <!-- crudOperationForReqresAPI.DeleteProjectTest -->
