<?xml version="1.0" encoding="UTF-8"?>
<!-- Generated by org.testng.reporters.JUnitReportReporter -->
<testsuite hostname="DESKTOP-B4CSBRG" failures="0" tests="1" name="requestChaining.RequestChainingTest" time="5.004" errors="0" timestamp="2022-09-05T16:17:50 IST" skipped="0">
  <testcase classname="requestChaining.RequestChainingTest" name="RequestChainingTest" time="5.004"/>
  <system-out/>
</testsuite> <!-- requestChaining.RequestChainingTest -->
