<?xml version="1.0" encoding="UTF-8"?>
<!-- Generated by org.testng.reporters.JUnitReportReporter -->
<testsuite hostname="DESKTOP-B4CSBRG" failures="0" tests="1" name="crudOperationsWithBDD.DeleteProject" time="5.292" errors="0" timestamp="2022-09-02T15:25:50 IST" skipped="0">
  <testcase classname="crudOperationsWithBDD.DeleteProject" name="deleteProject" time="5.292"/>
  <system-out/>
</testsuite> <!-- crudOperationsWithBDD.DeleteProject -->
